ERROR 2014-09-18 20:11:12 unity <unknown>:0 atk_object_ref_state_set: assertion 'ATK_IS_OBJECT (accessible)' failed
ERROR 2014-09-18 20:11:12 unity <unknown>:0 atk_state_set_contains_state: assertion 'ATK_IS_STATE_SET (set)' failed
ERROR 2014-09-18 20:11:12 unityy <unknown>:0 g_object_unref: assertion 'G_IS_OBJECT (object)' failed
ERROR 2014-09-18 22:10:42 unity <unknown>:0 atk_object_ref_state_set: assertion 'ATK_IS_OBJECT (accessible)' failed
ERROR 2014-09-18 22:10:42 unity <unknown>:0 atk_state_set_contains_state: assertion 'ATK_IS_STATE_SET (set)' failed
ERROR 2014-09-18 22:10:42 unityy <unknown>:0 g_object_unref: assertion 'G_IS_OBJECT (object)' failed

(deja-dup-monitor:2662): GLib-CRITICAL **: Source ID 91 was not found when attempting to remove it
ERROR 2014-09-18 22:41:17 unity <unknown>:0 atk_object_ref_state_set: assertion 'ATK_IS_OBJECT (accessible)' failed
ERROR 2014-09-18 22:41:17 unity <unknown>:0 atk_state_set_contains_state: assertion 'ATK_IS_STATE_SET (set)' failed
ERROR 2014-09-18 22:41:17 unityy <unknown>:0 g_object_unref: assertion 'G_IS_OBJECT (object)' failed

(deja-dup-monitor:2662): GLib-CRITICAL **: Source ID 91 was not found when attempting to remove it
ERROR 2014-09-18 23:07:07 unity <unknown>:0 atk_object_ref_state_set: assertion 'ATK_IS_OBJECT (accessible)' failed
ERROR 2014-09-18 23:07:07 unity <unknown>:0 atk_state_set_contains_state: assertion 'ATK_IS_STATE_SET (set)' failed
ERROR 2014-09-18 23:07:07 unityy <unknown>:0 g_object_unref: assertion 'G_IS_OBJECT (object)' failed

(deja-dup-monitor:2662): GLib-CRITICAL **: Source ID 135 was not found when attempting to remove it

(process:6795): GLib-CRITICAL **: g_slice_set_config: assertion 'sys_page_size == 0' failed

(deja-dup-monitor:2662): GLib-CRITICAL **: Source ID 135 was not found when attempting to remove it

(gnome-terminal:7043): GLib-GIO-CRITICAL **: g_settings_get: the format string may not contain '&' (key 'monospace-font-name' from schema 'org.gnome.desktop.interface'). This call will probably stop working with a future version of glib.
1411094402817	addons.repository	WARN	Unknown type id when parsing addon: 5
1411094402823	addons.repository	WARN	Unknown type id when parsing addon: 5
1411094402826	addons.repository	WARN	Unknown type id when parsing addon: 5
1411094402828	addons.repository	WARN	Unknown type id when parsing addon: 5
1411094405653	addons.update-checker	WARN	Update manifest for {972ce4c6-7e08-4474-a285-3208198ce6fd} did not contain an updates property
1411094406002	addons.update-checker	WARN	Update manifest for online-accounts@lists.launchpad.net did not contain an updates property
1411094406032	addons.update-checker	WARN	Update manifest for {2e1445b0-2682-11e1-bfc2-0800200c9a66} did not contain an updates property
1411094406644	addons.update-checker	WARN	Update manifest for ubufox@ubuntu.com did not contain an updates property
1411094407367	addons.update-checker	WARN	Update manifest for webapps-team@lists.launchpad.net did not contain an updates property

(firefox:6795): Gtk-CRITICAL **: IA__gtk_clipboard_set_with_data: assertion 'targets != NULL' failed
** Message: Launching webapp 'Twitter' with the webapp container (command line 'webapp-container --app-id='Twittertwittercom' --webapp='VHdpdHRlcg==' --enable-back-forward  ')
Could not open manifest file:  "/usr/share/unity-webapps/userscripts/unity-webapps-amazon/manifest.json" 
Invalid webapps installation found:  "/usr/share/unity-webapps/userscripts/unity-webapps-amazon" 
Using Oxide as the web engine backend 
QQmlExpression: Expression file:///usr/share/webbrowser-app/webcontainer/WebApp.qml:114:25 depends on non-NOTIFYable properties:
    unity::action::qml::ActionManager::globalContext
Empty path in webapps model search path update request 
[0918/234455:WARNING:proxy_service.cc(901)] PAC support disabled because there is no system implementation
Loaded 1 UA override(s) from file:///usr/lib/x86_64-linux-gnu/qt5/qml/Ubuntu/Components/Extras/Browser/ua-overrides-desktop.js
Requesting the bindee to navigate to homepage: https://twitter.com/
Injecting webapps script[0] : file:///usr/lib/x86_64-linux-gnu/qt5/qml/Ubuntu/UnityWebApps/unity-webapps-api.js
Injecting webapps script[1] : file:///usr/share/unity-webapps/userscripts/common/utils.js
Injecting webapps script[2] : file:///usr/share/unity-webapps/userscripts/unity-webapps-twitter/Twitter.user.js
[0918/234459:ERROR:nss_ocsp.cc(617)] No URLRequestContext for NSS HTTP handler. host: EVSecure-ocsp.verisign.com
[0918/234459:ERROR:nss_ocsp.cc(617)] No URLRequestContext for NSS HTTP handler. host: EVSecure-ocsp.verisign.com
[0918/234459:ERROR:nss_ocsp.cc(617)] No URLRequestContext for NSS HTTP handler. host: EVSecure-crl.verisign.com
[0918/234459:ERROR:nss_ocsp.cc(617)] No URLRequestContext for NSS HTTP handler. host: EVSecure-ocsp.verisign.com
[0918/234459:ERROR:nss_ocsp.cc(617)] No URLRequestContext for NSS HTTP handler. host: EVSecure-ocsp.verisign.com
[0918/234459:ERROR:nss_ocsp.cc(617)] No URLRequestContext for NSS HTTP handler. host: EVSecure-crl.verisign.com
WebApps API message received: {"args":"[{\"name\":\"Twitter\",\"domain\":\"twitter.com\",\"homepage\":\"https://twitter.com/\",\"iconUrl\":\"icon://unity-webapps-twitter\",\"__unity_webapps_hidden\":{\"hostname\":\"twitter.com\",\"url\":\"https://twitter.com/\"}}]","name":"init","target":"ubuntu-webapps-binding-call"}
Backend ready: base
UnityWebapps initialized with desktop id:  "Twittertwittercom.desktop" 
Received initCompleted signal, status: true
Injecting webapps script[0] : file:///usr/lib/x86_64-linux-gnu/qt5/qml/Ubuntu/UnityWebApps/unity-webapps-api.js
Injecting webapps script[1] : file:///usr/share/unity-webapps/userscripts/common/utils.js
Injecting webapps script[2] : file:///usr/share/unity-webapps/userscripts/unity-webapps-twitter/Twitter.user.js
Injecting webapps script[0] : file:///usr/lib/x86_64-linux-gnu/qt5/qml/Ubuntu/UnityWebApps/unity-webapps-api.js
Injecting webapps script[1] : file:///usr/share/unity-webapps/userscripts/common/utils.js
Injecting webapps script[2] : file:///usr/share/unity-webapps/userscripts/unity-webapps-twitter/Twitter.user.js
WebApps API message received: {"args":"[{\"name\":\"Twitter\",\"login\":\"waidemania\",\"domain\":\"twitter.com\",\"homepage\":\"https://twitter.com/\",\"iconUrl\":\"icon://unity-webapps-twitter\",\"onInit\":{\"callbackid\":\"ubuntu-webapps-api0.87473453884013\"},\"__unity_webapps_hidden\":{\"hostname\":\"twitter.com\",\"url\":\"https://twitter.com/\"}}]","name":"init","target":"ubuntu-webapps-binding-call"}
WebApps API message received: {"args":"[{\"name\":\"Twitter\",\"login\":\"waidemania\",\"domain\":\"twitter.com\",\"homepage\":\"https://twitter.com/\",\"iconUrl\":\"icon://unity-webapps-twitter\",\"onInit\":{\"callbackid\":\"ubuntu-webapps-api0.9224680834449828\"},\"__unity_webapps_hidden\":{\"hostname\":\"twitter.com\",\"url\":\"https://twitter.com/\"}}]","name":"init","target":"ubuntu-webapps-binding-call"}
WebApps API message received: {"args":"[{\"name\":\"Twitter\",\"login\":\"waidemania\",\"domain\":\"twitter.com\",\"homepage\":\"https://twitter.com/\",\"iconUrl\":\"icon://unity-webapps-twitter\",\"onInit\":{\"callbackid\":\"ubuntu-webapps-api0.261064731515944\"},\"__unity_webapps_hidden\":{\"hostname\":\"twitter.com\",\"url\":\"https://twitter.com/\"}}]","name":"init","target":"ubuntu-webapps-binding-call"}
WebApps API message received: {"args":"[]","name":"MessagingIndicator.clearIndicators","target":"ubuntu-webapps-binding-call"}
WebApps API message received: {"args":"[]","name":"MessagingIndicator.clearIndicators","target":"ubuntu-webapps-binding-call"}
WebApps API message received: {"args":"[]","name":"Launcher.clearCount","target":"ubuntu-webapps-binding-call"}
WebApps API message received: {"args":"[]","name":"MessagingIndicator.clearIndicators","target":"ubuntu-webapps-binding-call"}
WebApps API message received: {"args":"[]","name":"MessagingIndicator.clearIndicators","target":"ubuntu-webapps-binding-call"}
WebApps API message received: {"args":"[]","name":"Launcher.clearCount","target":"ubuntu-webapps-binding-call"}
WebApps API message received: {"args":"[]","name":"MessagingIndicator.clearIndicators","target":"ubuntu-webapps-binding-call"}
WebApps API message received: {"args":"[]","name":"MessagingIndicator.clearIndicators","target":"ubuntu-webapps-binding-call"}
WebApps API message received: {"args":"[]","name":"Launcher.clearCount","target":"ubuntu-webapps-binding-call"}
WebApps API message received: {"args":"[]","name":"MessagingIndicator.clearIndicators","target":"ubuntu-webapps-binding-call"}
WebApps API message received: {"args":"[]","name":"Launcher.clearCount","target":"ubuntu-webapps-binding-call"}
WebApps API message received: {"args":"[]","name":"MessagingIndicator.clearIndicators","target":"ubuntu-webapps-binding-call"}
WebApps API message received: {"args":"[]","name":"Launcher.clearCount","target":"ubuntu-webapps-binding-call"}
WebApps API message received: {"args":"[]","name":"MessagingIndicator.clearIndicators","target":"ubuntu-webapps-binding-call"}
WebApps API message received: {"args":"[]","name":"Launcher.clearCount","target":"ubuntu-webapps-binding-call"}
WebApps API message received: {"args":"[]","name":"MessagingIndicator.clearIndicators","target":"ubuntu-webapps-binding-call"}
WebApps API message received: {"args":"[]","name":"Launcher.clearCount","target":"ubuntu-webapps-binding-call"}
WebApps API message received: {"args":"[]","name":"MessagingIndicator.clearIndicators","target":"ubuntu-webapps-binding-call"}
WebApps API message received: {"args":"[]","name":"Launcher.clearCount","target":"ubuntu-webapps-binding-call"}
WebApps API message received: {"args":"[]","name":"MessagingIndicator.clearIndicators","target":"ubuntu-webapps-binding-call"}
WebApps API message received: {"args":"[]","name":"Launcher.clearCount","target":"ubuntu-webapps-binding-call"}
WebApps API message received: {"args":"[]","name":"MessagingIndicator.clearIndicators","target":"ubuntu-webapps-binding-call"}
WebApps API message received: {"args":"[\"\\\"Tampa Bay\\\"\",{\"count\":20,\"callback\":{\"callbackid\":\"ubuntu-webapps-api0.6544991380069405\"}}]","name":"MessagingIndicator.showIndicator","target":"ubuntu-webapps-binding-call"}
WebApps API message received: {"args":"[20]","name":"Launcher.setCount","target":"ubuntu-webapps-binding-call"}
WebApps API message received: {"args":"[]","name":"MessagingIndicator.clearIndicators","target":"ubuntu-webapps-binding-call"}
WebApps API message received: {"args":"[\"\\\"Tampa Bay\\\"\",{\"count\":20,\"callback\":{\"callbackid\":\"ubuntu-webapps-api0.664306165650487\"}}]","name":"MessagingIndicator.showIndicator","target":"ubuntu-webapps-binding-call"}
WebApps API message received: {"args":"[20]","name":"Launcher.setCount","target":"ubuntu-webapps-binding-call"}
WebApps API message received: {"args":"[]","name":"MessagingIndicator.clearIndicators","target":"ubuntu-webapps-binding-call"}
WebApps API message received: {"args":"[\"\\\"Tampa Bay\\\"\",{\"count\":20,\"callback\":{\"callbackid\":\"ubuntu-webapps-api0.7789058790076524\"}}]","name":"MessagingIndicator.showIndicator","target":"ubuntu-webapps-binding-call"}
WebApps API message received: {"args":"[20]","name":"Launcher.setCount","target":"ubuntu-webapps-binding-call"}
ERROR 2014-09-19 00:01:10 unity <unknown>:0 atk_object_ref_state_set: assertion 'ATK_IS_OBJECT (accessible)' failed
ERROR 2014-09-19 00:01:10 unity <unknown>:0 atk_state_set_contains_state: assertion 'ATK_IS_STATE_SET (set)' failed
ERROR 2014-09-19 00:01:10 unityy <unknown>:0 g_object_unref: assertion 'G_IS_OBJECT (object)' failed
